Release 14.7 Map P.20131013 (nt64)
Xilinx Mapping Report File for Design 'memory'

Design Information
------------------
Command Line   : map -intstyle ise -p xc5vlx110t-ff1136-2 -w -logic_opt off -ol
high -t 1 -register_duplication off -global_opt off -mt off -cm area -ir off -pr
off -lc off -power off -o memory_map.ncd memory.ngd memory.pcf 
Target Device  : xc5vlx110t
Target Package : ff1136
Target Speed   : -2
Mapper Version : virtex5 -- $Revision: 1.55 $
Mapped Date    : Tue Jun 27 10:34:41 2023

Design Summary
--------------
Number of errors:      0
Number of warnings:    0
Slice Logic Utilization:

Slice Logic Distribution:

IO Utilization:
  Number of bonded IOBs:                        46 out of     640    7%

Specific Feature Utilization:
  Number of BlockRAM/FIFO:                       2 out of     148    1%
    Number using BlockRAM only:                  2
    Total primitives used:
      Number of 36k BlockRAM used:               2
    Total Memory used (KB):                     72 out of   5,328    1%
  Number of BUFG/BUFGCTRLs:                      1 out of      32    3%
    Number used as BUFGs:                        1

Average Fanout of Non-Clock Nets:                3.17

Peak Memory Usage:  4764 MB
Total REAL time to MAP completion:  7 secs 
Total CPU time to MAP completion:   7 secs 

Table of Contents
-----------------
Section 1 - Errors
Section 2 - Warnings
Section 3 - Informational
Section 4 - Removed Logic Summary
Section 5 - Removed Logic
Section 6 - IOB Properties
Section 7 - RPMs
Section 8 - Guide Report
Section 9 - Area Group and Partition Summary
Section 10 - Timing Report
Section 11 - Configuration String Information
Section 12 - Control Set Information
Section 13 - Utilization by Hierarchy

Section 1 - Errors
------------------

Section 2 - Warnings
--------------------

Section 3 - Informational
-------------------------
INFO:MapLib:562 - No environment variables are currently set.
INFO:LIT:244 - All of the single ended outputs in this design are using slew
   rate limited output drivers. The delay on speed critical single ended outputs
   can be dramatically reduced by designating them as fast outputs.
INFO:Pack:1716 - Initializing temperature to 85.000 Celsius. (default - Range:
   0.000 to 85.000 Celsius)
INFO:Pack:1720 - Initializing voltage to 0.950 Volts. (default - Range: 0.950 to
   1.050 Volts)
INFO:Map:215 - The Interim Design Summary has been generated in the MAP Report
   (.mrp).
INFO:Pack:1650 - Map created a placed design.

Section 4 - Removed Logic Summary
---------------------------------
   2 block(s) optimized away

Section 5 - Removed Logic
-------------------------

Optimized Block(s):
TYPE 		BLOCK
GND 		mm/XST_GND
VCC 		mm/XST_VCC

Section 6 - IOB Properties
--------------------------

+---------------------------------------------------------------------------------------------------------------------------------------------------------+
| IOB Name                           | Type             | Direction | IO Standard          | Diff  | Drive    | Slew | Reg (s)      | Resistor | IOB      |
|                                    |                  |           |                      | Term  | Strength | Rate |              |          | Delay    |
+---------------------------------------------------------------------------------------------------------------------------------------------------------+
| Adrss<0>                           | IOB              | INPUT     | LVCMOS25             |       |          |      |              |          |          |
| Adrss<1>                           | IOB              | INPUT     | LVCMOS25             |       |          |      |              |          |          |
| Adrss<2>                           | IOB              | INPUT     | LVCMOS25             |       |          |      |              |          |          |
| Adrss<3>                           | IOB              | INPUT     | LVCMOS25             |       |          |      |              |          |          |
| Adrss<4>                           | IOB              | INPUT     | LVCMOS25             |       |          |      |              |          |          |
| Adrss<5>                           | IOB              | INPUT     | LVCMOS25             |       |          |      |              |          |          |
| Adrss<6>                           | IOB              | INPUT     | LVCMOS25             |       |          |      |              |          |          |
| Adrss<7>                           | IOB              | INPUT     | LVCMOS25             |       |          |      |              |          |          |
| Adrss<8>                           | IOB              | INPUT     | LVCMOS25             |       |          |      |              |          |          |
| Adrss<9>                           | IOB              | INPUT     | LVCMOS25             |       |          |      |              |          |          |
| Adrss<10>                          | IOB              | INPUT     | LVCMOS25             |       |          |      |              |          |          |
| Adrss<11>                          | IOB              | INPUT     | LVCMOS25             |       |          |      |              |          |          |
| InpData<0>                         | IOB              | INPUT     | LVCMOS25             |       |          |      |              |          |          |
| InpData<1>                         | IOB              | INPUT     | LVCMOS25             |       |          |      |              |          |          |
| InpData<2>                         | IOB              | INPUT     | LVCMOS25             |       |          |      |              |          |          |
| InpData<3>                         | IOB              | INPUT     | LVCMOS25             |       |          |      |              |          |          |
| InpData<4>                         | IOB              | INPUT     | LVCMOS25             |       |          |      |              |          |          |
| InpData<5>                         | IOB              | INPUT     | LVCMOS25             |       |          |      |              |          |          |
| InpData<6>                         | IOB              | INPUT     | LVCMOS25             |       |          |      |              |          |          |
| InpData<7>                         | IOB              | INPUT     | LVCMOS25             |       |          |      |              |          |          |
| InpData<8>                         | IOB              | INPUT     | LVCMOS25             |       |          |      |              |          |          |
| InpData<9>                         | IOB              | INPUT     | LVCMOS25             |       |          |      |              |          |          |
| InpData<10>                        | IOB              | INPUT     | LVCMOS25             |       |          |      |              |          |          |
| InpData<11>                        | IOB              | INPUT     | LVCMOS25             |       |          |      |              |          |          |
| InpData<12>                        | IOB              | INPUT     | LVCMOS25             |       |          |      |              |          |          |
| InpData<13>                        | IOB              | INPUT     | LVCMOS25             |       |          |      |              |          |          |
| InpData<14>                        | IOB              | INPUT     | LVCMOS25             |       |          |      |              |          |          |
| InpData<15>                        | IOB              | INPUT     | LVCMOS25             |       |          |      |              |          |          |
| OutData<0>                         | IOB              | OUTPUT    | LVCMOS25             |       | 12       | SLOW |              |          |          |
| OutData<1>                         | IOB              | OUTPUT    | LVCMOS25             |       | 12       | SLOW |              |          |          |
| OutData<2>                         | IOB              | OUTPUT    | LVCMOS25             |       | 12       | SLOW |              |          |          |
| OutData<3>                         | IOB              | OUTPUT    | LVCMOS25             |       | 12       | SLOW |              |          |          |
| OutData<4>                         | IOB              | OUTPUT    | LVCMOS25             |       | 12       | SLOW |              |          |          |
| OutData<5>                         | IOB              | OUTPUT    | LVCMOS25             |       | 12       | SLOW |              |          |          |
| OutData<6>                         | IOB              | OUTPUT    | LVCMOS25             |       | 12       | SLOW |              |          |          |
| OutData<7>                         | IOB              | OUTPUT    | LVCMOS25             |       | 12       | SLOW |              |          |          |
| OutData<8>                         | IOB              | OUTPUT    | LVCMOS25             |       | 12       | SLOW |              |          |          |
| OutData<9>                         | IOB              | OUTPUT    | LVCMOS25             |       | 12       | SLOW |              |          |          |
| OutData<10>                        | IOB              | OUTPUT    | LVCMOS25             |       | 12       | SLOW |              |          |          |
| OutData<11>                        | IOB              | OUTPUT    | LVCMOS25             |       | 12       | SLOW |              |          |          |
| OutData<12>                        | IOB              | OUTPUT    | LVCMOS25             |       | 12       | SLOW |              |          |          |
| OutData<13>                        | IOB              | OUTPUT    | LVCMOS25             |       | 12       | SLOW |              |          |          |
| OutData<14>                        | IOB              | OUTPUT    | LVCMOS25             |       | 12       | SLOW |              |          |          |
| OutData<15>                        | IOB              | OUTPUT    | LVCMOS25             |       | 12       | SLOW |              |          |          |
| clock                              | IOB              | INPUT     | LVCMOS25             |       |          |      |              |          |          |
| memoryWrite                        | IOB              | INPUT     | LVCMOS25             |       |          |      |              |          |          |
+---------------------------------------------------------------------------------------------------------------------------------------------------------+

Section 7 - RPMs
----------------

Section 8 - Guide Report
------------------------
Guide not run on this design.

Section 9 - Area Group and Partition Summary
--------------------------------------------

Partition Implementation Status
-------------------------------

  No Partitions were found in this design.

-------------------------------

Area Group Information
----------------------

  No area groups were found in this design.

----------------------

Section 10 - Timing Report
--------------------------
A logic-level (pre-route) timing report can be generated by using Xilinx static
timing analysis tools, Timing Analyzer (GUI) or TRCE (command line), with the
mapped NCD and PCF files. Please note that this timing report will be generated
using estimated delay information. For accurate numbers, please generate a
timing report with the post Place and Route NCD file.

For more information about the Timing Analyzer, consult the Xilinx Timing
Analyzer Reference Manual; for more information about TRCE, consult the Xilinx
Command Line Tools User Guide "TRACE" chapter.

Section 11 - Configuration String Details
-----------------------------------------
Use the "-detail" map option to print out Configuration Strings

Section 12 - Control Set Information
------------------------------------
Use the "-detail" map option to print out Control Set Information.

Section 13 - Utilization by Hierarchy
-------------------------------------
Use the "-detail" map option to print out the Utilization by Hierarchy section.
